{"/Users/christianroth/WebstormProjects/bgr2CORE/app/GUI/someFunction.js":{"path":"/Users/christianroth/WebstormProjects/bgr2CORE/app/GUI/someFunction.js","s":{"1":1,"2":1,"3":1,"4":3,"5":7,"6":7},"b":{"1":[4,3],"2":[7,3]},"f":{"1":3,"2":7},"fnMap":{"1":{"name":"doge","line":7,"loc":{"start":{"line":1,"column":0},"end":{"line":1,"column":15}}},"2":{"name":"click","line":10,"loc":{"start":{"line":4,"column":9},"end":{"line":4,"column":17}}}},"statementMap":{"1":{"start":{"line":0,"column":0},"end":{"line":0,"column":0},"skip":true},"2":{"start":{"line":0,"column":0},"end":{"line":0,"column":0},"skip":true},"3":{"start":{"line":1,"column":0},"end":{"line":8,"column":1}},"4":{"start":{"line":2,"column":2},"end":{"line":7,"column":3}},"5":{"start":{"line":0,"column":0},"end":{"line":0,"column":0},"skip":true},"6":{"start":{"line":5,"column":6},"end":{"line":5,"column":22}}},"branchMap":{"1":{"line":11,"type":"cond-expr","locations":[{"start":{"line":4,"column":15},"end":{"line":4,"column":16}},{"start":{"line":4,"column":16},"end":{"line":4,"column":16}}]},"2":{"line":11,"type":"binary-expr","locations":[{"start":{"line":4,"column":12},"end":{"line":4,"column":12}},{"start":{"line":4,"column":12},"end":{"line":4,"column":12}}]}}}}